── Running plan before dry-run ──────────────────────
✓ .gitignore verified
✓ Loaded snapshot.json
  services: 7  packages: 11  databases: 4
✓ snapshot.json validated

── Resolving values ─────────────────────────────────
✓ values.json validated (23 keys)
  resolving DOCKER.REGISTRY_AUTH_CERT... ✓
  resolving DOCKER.REGISTRY_AUTH_PRIVATE_KEY... ✓
  resolving DOCKER.TOKEN_ISSUER... ✓
  resolving GH_MIRROR.PAT... ✓
  resolving GH_MIRROR.SSH_KEY... ✓
  resolving GH_MIRROR.SSH_PREFIX... ✓
  resolving GH_MIRROR.USERNAME... ✓
  resolving GINGER_KUBE.DB_URL... ✓
  resolving GINGER_KUBE.ISC_SECRET... ✓
  resolving GITOLITE.ADMIN_KEY... ✓
  resolving GITOLITE.ADMIN_KEY_PUB... ✓
  resolving GITOLITE.CA_KEY... ✓
  resolving IAM.DB_URL... ✓
  resolving IAM.ISC_SECRET... ✓
  resolving IAM_ADMIN.DB_URL... ✓
  resolving IAM_ADMIN.ISC_SECRET... ✓
  resolving METADATA.DB_URL... ✓
  resolving METADATA.ISC_SECRET... ✓
  resolving NOTIFICATION.AWS_ACCESS_KEY_ID... ⏳ vault(AWS_ACCESS_KEY_ID) — deferred to deploy
  resolving NOTIFICATION.AWS_SECRET_ACCESS_KEY... ⏳ vault(AWS_SECRET_ACCESS_KEY) — deferred to deploy
  resolving shared.DATABASE_PASSWORD... ✓
  resolving shared.JWT_SECRET_KEY... ⏳ vault(JWT_SECRET_KEY) — deferred to deploy
  resolving shared.ROCKET_SECRET_KEY...   ↩ onceshell cache hit: openssl rand -base64 64 | tr -d '\n'
✓

✓ Values resolved: 20 concrete, 3 vault (deferred to deploy)

── Platform files ───────────────────────────────────
  41 yaml/yml  |  8 secrets.yaml

── Rendering to build/ ──────────────────────────────
  → build/db-studios-ingress.yml
  → build/dev-portal-frontend/deployment.yml
  → build/dev-portal-frontend/service.yml
  → build/docker-registry/registry-ui.yml
  → build/docker-registry/registry.yml
  → build/docker-registry/secrets.yaml
  → build/example-app/deployment.yml
  → build/example-app/service.yml
  → build/ginger-db-studio-test-env/deployment.yml
  → build/ginger-db-studio-test-env/service.yml
  → build/ginger-kube/deployment.yml
  → build/ginger-kube/secrets.yaml
  → build/ginger-kube/service.yml
  → build/gitter/configmaps.yaml
  → build/gitter/deployment.yaml
  → build/gitter/secrets.yaml
  → build/gitter/service.yaml
  → build/gitter/volume.yml
  → build/iam-admin-backend/deployment.yml
  → build/iam-admin-backend/secrets.yaml
  → build/iam-admin-backend/service.yml
  → build/iam-admin-frontend/deployment.yml
  → build/iam-admin-frontend/service.yml
  → build/iam-backend/deployment.yml
  → build/iam-backend/secrets.yaml
  → build/iam-backend/service.yml
  → build/iam-db-studio/deployment.yml
  → build/iam-db-studio/service.yml
  → build/iam-frontend/deployment.yml
  → build/iam-frontend/service.yml
  → build/ingress-artifactory.yaml
  → build/ingress-infra.yml
  → build/ingress-mcs.yaml
  → build/k8-dashboard/cluster-role-binding.yml
  → build/k8-dashboard/cluster-role.yml
  → build/k8-dashboard/k8-dashboard-proxy.yml
  → build/metadata-db-studio/deployment.yml
  → build/metadata-db-studio/service.yml
  → build/metadata-service/deployment.yml
  → build/metadata-service/secrets.yaml
  → build/metadata-service/service.yml
  → build/notification-service/deployment.yml
  → build/notification-service/service.yml
  → build/pypi/pypi.yaml
  → build/shared/redis.yml
  → build/shared/secrets.yaml
  → build/tekton-proxy.yml
  → build/verdaccio/secrets.yaml
  → build/verdaccio/verdaccio.yml

✓ Rendered 49 files → build/
  ⚠ 3 vault values left as placeholders — will be resolved at deploy time

Next: review build/ then run `ginger-infra deploy`

── kubectl diff ─────────────────────────────────────
  ✓ db-studios-ingress.yml — no changes

  ~ dev-portal-frontend/deployment.yml — changes:
    diff -u -N /var/folders/zt/63lhr8hn3dj233z2nm3vqgcr0000gn/T/LIVE-3542784207/apps.v1.Deployment.default.dev-portal-frontend-deploy /var/folders/zt/63lhr8hn3dj233z2nm3vqgcr0000gn/T/MERGED-3240247113/apps.v1.Deployment.default.dev-portal-frontend-deploy
    [31m--- /var/folders/zt/63lhr8hn3dj233z2nm3vqgcr0000gn/T/LIVE-3542784207/apps.v1.Deployment.default.dev-portal-frontend-deploy	2026-05-18 17:33:31[0m
    [32m+++ /var/folders/zt/63lhr8hn3dj233z2nm3vqgcr0000gn/T/MERGED-3240247113/apps.v1.Deployment.default.dev-portal-frontend-deploy	2026-05-18 17:33:31[0m
    @@ -6,7 +6,7 @@
         kubectl.kubernetes.io/last-applied-configuration: |
           {"apiVersion":"apps/v1","kind":"Deployment","metadata":{"annotations":{},"labels":{"app":"dev-portal-frontend-app"},"name":"dev-portal-frontend-deploy","namespace":"default"},"spec":{"replicas":1,"selector":{"matchLabels":{"app":"dev-portal-frontend-app"}},"template":{"metadata":{"labels":{"app":"dev-portal-frontend-app"}},"spec":{"containers":[{"image":"gingersociety/dev-portal-prod-fe","imagePullPolicy":"Always","name":"dev-portal-frontend-app","ports":[{"containerPort":80}]}]}}}}
       creationTimestamp: "2026-04-20T07:54:07Z"
    [31m-  generation: 35[0m
    [32m+  generation: 36[0m
       labels:
         app: dev-portal-frontend-app
       name: dev-portal-frontend-deploy
    @@ -33,7 +33,7 @@
             app: dev-portal-frontend-app
         spec:
           containers:
    [31m-      - image: gingersociety/dev-portal-prod-fe[0m
    [32m+      - image: gingersociety/dev-portal-prod-fe:0.15.0-nightly.0[0m
             imagePullPolicy: Always
             name: dev-portal-frontend-app
             ports:
  ✓ dev-portal-frontend/service.yml — no changes

  ~ docker-registry/registry-ui.yml — changes:
    diff -u -N /var/folders/zt/63lhr8hn3dj233z2nm3vqgcr0000gn/T/LIVE-946603877/apps.v1.Deployment.default.registry-ui /var/folders/zt/63lhr8hn3dj233z2nm3vqgcr0000gn/T/MERGED-4238867470/apps.v1.Deployment.default.registry-ui
    [31m--- /var/folders/zt/63lhr8hn3dj233z2nm3vqgcr0000gn/T/LIVE-946603877/apps.v1.Deployment.default.registry-ui	2026-05-18 17:33:31[0m
    [32m+++ /var/folders/zt/63lhr8hn3dj233z2nm3vqgcr0000gn/T/MERGED-4238867470/apps.v1.Deployment.default.registry-ui	2026-05-18 17:33:31[0m
    @@ -0,0 +1,75 @@
    [32m+apiVersion: apps/v1[0m
    [32m+kind: Deployment[0m
    [32m+metadata:[0m
    [32m+  creationTimestamp: "2026-05-18T12:03:31Z"[0m
    [32m+  generation: 1[0m
    [32m+  name: registry-ui[0m
    [32m+  namespace: default[0m
    [32m+  uid: 68b26eeb-345f-4698-9b4f-408d0f03e0f7[0m
    [32m+spec:[0m
    [32m+  progressDeadlineSeconds: 600[0m
    [32m+  replicas: 1[0m
    [32m+  revisionHistoryLimit: 10[0m
    [32m+  selector:[0m
    [32m+    matchLabels:[0m
    [32m+      app: registry-ui[0m
    [32m+  strategy:[0m
    [32m+    rollingUpdate:[0m
    [32m+      maxSurge: 25%[0m
    [32m+      maxUnavailable: 25%[0m
    [32m+    type: RollingUpdate[0m
    [32m+  template:[0m
    [32m+    metadata:[0m
    [32m+      labels:[0m
    [32m+        app: registry-ui[0m
    [32m+    spec:[0m
    [32m+      containers:[0m
    [32m+      - env:[0m
    [32m+        - name: NODE_ENV[0m
    [32m+          value: production[0m
    [32m+        - name: REGISTRY_HOST[0m
    [32m+          value: docker.gingersociety.org[0m
    [32m+        - name: REGISTRY_SSL[0m
    [32m+          value: "true"[0m
    [32m+        - name: AUTH_SERVER[0m
    [32m+          value: https://api.gingersociety.org/iam/docker-token[0m
    [32m+        image: gingersociety/docker-registry-ui[0m
    [32m+        imagePullPolicy: Always[0m
    [32m+        name: registry-ui[0m
    [32m+        ports:[0m
    [32m+        - containerPort: 80[0m
    [32m+          protocol: TCP[0m
    [32m+        resources: {}[0m
    [32m+        terminationMessagePath: /dev/termination-log[0m
    [32m+        terminationMessagePolicy: File[0m
    [32m+      - env:[0m
    [32m+        - name: JWT_SECRET_KEY[0m
    [32m+          valueFrom:[0m
    [32m+            secretKeyRef:[0m
    [32m+              key: JWT_SECRET[0m
    [32m+              name: platform-secrets[0m
    [32m+        - name: UPSTREAM_URL[0m
    [32m+          value: http://localhost:80[0m
    [32m+        - name: IAM_LOGIN_URL[0m
    [32m+          value: https://iam.gingersociety.org/#docker-registry/login[0m
    [32m+        - name: PORT[0m
    [32m+          value: "3000"[0m
    [32m+        image: gingersociety/ginger-auth-proxy:latest[0m
    [32m+        imagePullPolicy: Always[0m
    [32m+        name: ginger-auth-proxy[0m
    [32m+        ports:[0m
    [32m+        - containerPort: 3000[0m
    [32m+          protocol: TCP[0m
    [32m+        resources: {}[0m
    [32m+        terminationMessagePath: /dev/termination-log[0m
    [32m+        terminationMessagePolicy: File[0m
    [32m+      dnsPolicy: ClusterFirst[0m
    [32m+      restartPolicy: Always[0m
    [32m+      schedulerName: default-scheduler[0m
    [32m+      securityContext: {}[0m
    [32m+      terminationGracePeriodSeconds: 30[0m
    [32m+      tolerations:[0m
    [32m+      - effect: NoSchedule[0m
    [32m+        key: node-role.kubernetes.io/control-plane[0m
    [32m+        operator: Exists[0m
    [32m+status: {}[0m
    diff -u -N /var/folders/zt/63lhr8hn3dj233z2nm3vqgcr0000gn/T/LIVE-946603877/v1.Service.default.registry-ui /var/folders/zt/63lhr8hn3dj233z2nm3vqgcr0000gn/T/MERGED-4238867470/v1.Service.default.registry-ui
    [31m--- /var/folders/zt/63lhr8hn3dj233z2nm3vqgcr0000gn/T/LIVE-946603877/v1.Service.default.registry-ui	2026-05-18 17:33:31[0m
    [32m+++ /var/folders/zt/63lhr8hn3dj233z2nm3vqgcr0000gn/T/MERGED-4238867470/v1.Service.default.registry-ui	2026-05-18 17:33:31[0m
    @@ -0,0 +1,25 @@
    [32m+apiVersion: v1[0m
    [32m+kind: Service[0m
    [32m+metadata:[0m
    [32m+  creationTimestamp: "2026-05-18T12:03:31Z"[0m
    [32m+  name: registry-ui[0m
    [32m+  namespace: default[0m
    [32m+  uid: ec682d45-39b3-44ad-8dce-b890e91751ee[0m
    [32m+spec:[0m
    [32m+  clusterIP: 10.96.0.0[0m
    [32m+  clusterIPs:[0m
    [32m+  - 10.96.0.0[0m
    [32m+  internalTrafficPolicy: Cluster[0m
    [32m+  ipFamilies:[0m
    [32m+  - IPv4[0m
    [32m+  ipFamilyPolicy: SingleStack[0m
    [32m+  ports:[0m
    [32m+  - port: 80[0m
    [32m+    protocol: TCP[0m
    [32m+    targetPort: 3000[0m
    [32m+  selector:[0m
    [32m+    app: registry-ui[0m
    [32m+  sessionAffinity: None[0m
    [32m+  type: ClusterIP[0m
    [32m+status:[0m
    [32m+  loadBalancer: {}[0m

  ~ docker-registry/registry.yml — changes:
    diff -u -N /var/folders/zt/63lhr8hn3dj233z2nm3vqgcr0000gn/T/LIVE-385745531/apps.v1.Deployment.default.registry /var/folders/zt/63lhr8hn3dj233z2nm3vqgcr0000gn/T/MERGED-1508858186/apps.v1.Deployment.default.registry
    [31m--- /var/folders/zt/63lhr8hn3dj233z2nm3vqgcr0000gn/T/LIVE-385745531/apps.v1.Deployment.default.registry	2026-05-18 17:33:32[0m
    [32m+++ /var/folders/zt/63lhr8hn3dj233z2nm3vqgcr0000gn/T/MERGED-1508858186/apps.v1.Deployment.default.registry	2026-05-18 17:33:32[0m
    @@ -0,0 +1,70 @@
    [32m+apiVersion: apps/v1[0m
    [32m+kind: Deployment[0m
    [32m+metadata:[0m
    [32m+  creationTimestamp: "2026-05-18T12:03:32Z"[0m
    [32m+  generation: 1[0m
    [32m+  name: registry[0m
    [32m+  namespace: default[0m
    [32m+  uid: acdb0ebc-119e-4138-b04c-3dea0b9d219f[0m
    [32m+spec:[0m
    [32m+  progressDeadlineSeconds: 600[0m
    [32m+  replicas: 1[0m
    [32m+  revisionHistoryLimit: 10[0m
    [32m+  selector:[0m
    [32m+    matchLabels:[0m
    [32m+      app: registry[0m
    [32m+  strategy:[0m
    [32m+    rollingUpdate:[0m
    [32m+      maxSurge: 25%[0m
    [32m+      maxUnavailable: 25%[0m
    [32m+    type: RollingUpdate[0m
    [32m+  template:[0m
    [32m+    metadata:[0m
    [32m+      labels:[0m
    [32m+        app: registry[0m
    [32m+    spec:[0m
    [32m+      containers:[0m
    [32m+      - env:[0m
    [32m+        - name: REGISTRY_HTTP_SECRET[0m
    [32m+        - name: REGISTRY_STORAGE_DELETE_ENABLED[0m
    [32m+          value: "true"[0m
    [32m+        - name: REGISTRY_HTTP_ADDR[0m
    [32m+          value: 0.0.0.0:5000[0m
    [32m+        - name: REGISTRY_AUTH[0m
    [32m+          value: token[0m
    [32m+        - name: REGISTRY_AUTH_TOKEN_REALM[0m
    [32m+          value: https://api.gingersociety.org/iam/docker-token[0m
    [32m+        - name: REGISTRY_AUTH_TOKEN_SERVICE[0m
    [32m+          value: docker.gingersociety.org[0m
    [32m+        - name: REGISTRY_AUTH_TOKEN_ISSUER[0m
    [32m+          value: my-auth-server[0m
    [32m+        - name: REGISTRY_AUTH_TOKEN_ROOTCERTBUNDLE[0m
    [32m+          value: /certs/auth.cert[0m
    [32m+        image: registry:2[0m
    [32m+        imagePullPolicy: IfNotPresent[0m
    [32m+        name: registry[0m
    [32m+        ports:[0m
    [32m+        - containerPort: 5000[0m
    [32m+          protocol: TCP[0m
    [32m+        resources: {}[0m
    [32m+        terminationMessagePath: /dev/termination-log[0m
    [32m+        terminationMessagePolicy: File[0m
    [32m+        volumeMounts:[0m
    [32m+        - mountPath: /var/lib/registry[0m
    [32m+          name: registry-storage[0m
    [32m+        - mountPath: /certs[0m
    [32m+          name: cert-volume[0m
    [32m+      dnsPolicy: ClusterFirst[0m
    [32m+      restartPolicy: Always[0m
    [32m+      schedulerName: default-scheduler[0m
    [32m+      securityContext: {}[0m
    [32m+      terminationGracePeriodSeconds: 30[0m
    [32m+      volumes:[0m
    [32m+      - name: registry-storage[0m
    [32m+        persistentVolumeClaim:[0m
    [32m+          claimName: registry-pvc[0m
    [32m+      - name: cert-volume[0m
    [32m+        secret:[0m
    [32m+          defaultMode: 420[0m
    [32m+          secretName: registry-auth-secret[0m
    [32m+status: {}[0m
    diff -u -N /var/folders/zt/63lhr8hn3dj233z2nm3vqgcr0000gn/T/LIVE-385745531/v1.PersistentVolumeClaim.default.registry-pvc /var/folders/zt/63lhr8hn3dj233z2nm3vqgcr0000gn/T/MERGED-1508858186/v1.PersistentVolumeClaim.default.registry-pvc
    [31m--- /var/folders/zt/63lhr8hn3dj233z2nm3vqgcr0000gn/T/LIVE-385745531/v1.PersistentVolumeClaim.default.registry-pvc	2026-05-18 17:33:32[0m
    [32m+++ /var/folders/zt/63lhr8hn3dj233z2nm3vqgcr0000gn/T/MERGED-1508858186/v1.PersistentVolumeClaim.default.registry-pvc	2026-05-18 17:33:32[0m
    @@ -0,0 +1,19 @@
    [32m+apiVersion: v1[0m
    [32m+kind: PersistentVolumeClaim[0m
    [32m+metadata:[0m
    [32m+  creationTimestamp: "2026-05-18T12:03:32Z"[0m
    [32m+  finalizers:[0m
    [32m+  - kubernetes.io/pvc-protection[0m
    [32m+  name: registry-pvc[0m
    [32m+  namespace: default[0m
    [32m+  uid: 7e5537fa-f885-486a-81bf-a012157a029c[0m
    [32m+spec:[0m
    [32m+  accessModes:[0m
    [32m+  - ReadWriteOnce[0m
    [32m+  resources:[0m
    [32m+    requests:[0m
    [32m+      storage: 50Gi[0m
    [32m+  storageClassName: standard[0m
    [32m+  volumeMode: Filesystem[0m
    [32m+status:[0m
    [32m+  phase: Pending[0m
    diff -u -N /var/folders/zt/63lhr8hn3dj233z2nm3vqgcr0000gn/T/LIVE-385745531/v1.Service.default.registry /var/folders/zt/63lhr8hn3dj233z2nm3vqgcr0000gn/T/MERGED-1508858186/v1.Service.default.registry
    [31m--- /var/folders/zt/63lhr8hn3dj233z2nm3vqgcr0000gn/T/LIVE-385745531/v1.Service.default.registry	2026-05-18 17:33:32[0m
    [32m+++ /var/folders/zt/63lhr8hn3dj233z2nm3vqgcr0000gn/T/MERGED-1508858186/v1.Service.default.registry	2026-05-18 17:33:32[0m
    @@ -0,0 +1,27 @@
    [32m+apiVersion: v1[0m
    [32m+kind: Service[0m
    [32m+metadata:[0m
    [32m+  creationTimestamp: "2026-05-18T12:03:32Z"[0m
    [32m+  name: registry[0m
    [32m+  namespace: default[0m
    [32m+  uid: 7bc9b187-eea6-469a-9e53-b9f69a7a6435[0m
    [32m+spec:[0m
    [32m+  clusterIP: 10.96.0.0[0m
    [32m+  clusterIPs:[0m
    [32m+  - 10.96.0.0[0m
    [32m+  externalTrafficPolicy: Cluster[0m
    [32m+  internalTrafficPolicy: Cluster[0m
    [32m+  ipFamilies:[0m
    [32m+  - IPv4[0m
    [32m+  ipFamilyPolicy: SingleStack[0m
    [32m+  ports:[0m
    [32m+  - nodePort: 30500[0m
    [32m+    port: 5000[0m
    [32m+    protocol: TCP[0m
    [32m+    targetPort: 5000[0m
    [32m+  selector:[0m
    [32m+    app: registry[0m
    [32m+  sessionAffinity: None[0m
    [32m+  type: NodePort[0m
    [32m+status:[0m
    [32m+  loadBalancer: {}[0m

  ~ docker-registry/secrets.yaml — changes:
    diff -u -N /var/folders/zt/63lhr8hn3dj233z2nm3vqgcr0000gn/T/LIVE-2679057389/v1.Secret.default.registry-auth-secret /var/folders/zt/63lhr8hn3dj233z2nm3vqgcr0000gn/T/MERGED-2626923012/v1.Secret.default.registry-auth-secret
    [31m--- /var/folders/zt/63lhr8hn3dj233z2nm3vqgcr0000gn/T/LIVE-2679057389/v1.Secret.default.registry-auth-secret	2026-05-18 17:33:32[0m
    [32m+++ /var/folders/zt/63lhr8hn3dj233z2nm3vqgcr0000gn/T/MERGED-2626923012/v1.Secret.default.registry-auth-secret	2026-05-18 17:33:32[0m
    @@ -1 +1,10 @@
    [31m-null[0m
    [32m+apiVersion: v1[0m
    [32m+data:[0m
    [32m+  auth.cert: '***'[0m
    [32m+kind: Secret[0m
    [32m+metadata:[0m
    [32m+  creationTimestamp: "2026-05-18T12:03:32Z"[0m
    [32m+  name: registry-auth-secret[0m
    [32m+  namespace: default[0m
    [32m+  uid: f5a3b04e-a237-4ed7-9c9a-7e0211b275f6[0m
    [32m+type: Opaque[0m

  ~ example-app/deployment.yml — changes:
    diff -u -N /var/folders/zt/63lhr8hn3dj233z2nm3vqgcr0000gn/T/LIVE-3170189332/apps.v1.Deployment.default.example-deploy /var/folders/zt/63lhr8hn3dj233z2nm3vqgcr0000gn/T/MERGED-3346249227/apps.v1.Deployment.default.example-deploy
    [31m--- /var/folders/zt/63lhr8hn3dj233z2nm3vqgcr0000gn/T/LIVE-3170189332/apps.v1.Deployment.default.example-deploy	2026-05-18 17:33:32[0m
    [32m+++ /var/folders/zt/63lhr8hn3dj233z2nm3vqgcr0000gn/T/MERGED-3346249227/apps.v1.Deployment.default.example-deploy	2026-05-18 17:33:32[0m
    @@ -0,0 +1,43 @@
    [32m+apiVersion: apps/v1[0m
    [32m+kind: Deployment[0m
    [32m+metadata:[0m
    [32m+  creationTimestamp: "2026-05-18T12:03:33Z"[0m
    [32m+  generation: 1[0m
    [32m+  labels:[0m
    [32m+    app: example-app[0m
    [32m+  name: example-deploy[0m
    [32m+  namespace: default[0m
    [32m+  uid: 5881f703-1aa7-44bd-bf5e-bdb86f05a97e[0m
    [32m+spec:[0m
    [32m+  progressDeadlineSeconds: 600[0m
    [32m+  replicas: 1[0m
    [32m+  revisionHistoryLimit: 10[0m
    [32m+  selector:[0m
    [32m+    matchLabels:[0m
    [32m+      app: example-app[0m
    [32m+  strategy:[0m
    [32m+    rollingUpdate:[0m
    [32m+      maxSurge: 25%[0m
    [32m+      maxUnavailable: 25%[0m
    [32m+    type: RollingUpdate[0m
    [32m+  template:[0m
    [32m+    metadata:[0m
    [32m+      labels:[0m
    [32m+        app: example-app[0m
    [32m+    spec:[0m
    [32m+      containers:[0m
    [32m+      - image: gingersociety/example-service[0m
    [32m+        imagePullPolicy: Always[0m
    [32m+        name: example-app[0m
    [32m+        ports:[0m
    [32m+        - containerPort: 80[0m
    [32m+          protocol: TCP[0m
    [32m+        resources: {}[0m
    [32m+        terminationMessagePath: /dev/termination-log[0m
    [32m+        terminationMessagePolicy: File[0m
    [32m+      dnsPolicy: ClusterFirst[0m
    [32m+      restartPolicy: Always[0m
    [32m+      schedulerName: default-scheduler[0m
    [32m+      securityContext: {}[0m
    [32m+      terminationGracePeriodSeconds: 30[0m
    [32m+status: {}[0m

  ~ example-app/service.yml — changes:
    diff -u -N /var/folders/zt/63lhr8hn3dj233z2nm3vqgcr0000gn/T/LIVE-1344194350/v1.Service.default.example-service /var/folders/zt/63lhr8hn3dj233z2nm3vqgcr0000gn/T/MERGED-1681692209/v1.Service.default.example-service
    [31m--- /var/folders/zt/63lhr8hn3dj233z2nm3vqgcr0000gn/T/LIVE-1344194350/v1.Service.default.example-service	2026-05-18 17:33:33[0m
    [32m+++ /var/folders/zt/63lhr8hn3dj233z2nm3vqgcr0000gn/T/MERGED-1681692209/v1.Service.default.example-service	2026-05-18 17:33:33[0m
    @@ -0,0 +1,28 @@
    [32m+apiVersion: v1[0m
    [32m+kind: Service[0m
    [32m+metadata:[0m
    [32m+  creationTimestamp: "2026-05-18T12:03:33Z"[0m
    [32m+  labels:[0m
    [32m+    app: example-app[0m
    [32m+  name: example-service[0m
    [32m+  namespace: default[0m
    [32m+  uid: b2b42740-72f1-463b-9483-029c1769556c[0m
    [32m+spec:[0m
    [32m+  clusterIP: 10.96.0.0[0m
    [32m+  clusterIPs:[0m
    [32m+  - 10.96.0.0[0m
    [32m+  internalTrafficPolicy: Cluster[0m
    [32m+  ipFamilies:[0m
    [32m+  - IPv4[0m
    [32m+  ipFamilyPolicy: SingleStack[0m
    [32m+  ports:[0m
    [32m+  - name: http[0m
    [32m+    port: 80[0m
    [32m+    protocol: TCP[0m
    [32m+    targetPort: 80[0m
    [32m+  selector:[0m
    [32m+    app: example-app[0m
    [32m+  sessionAffinity: None[0m
    [32m+  type: ClusterIP[0m
    [32m+status:[0m
    [32m+  loadBalancer: {}[0m
  ✓ ginger-db-studio-test-env/deployment.yml — no changes
  ✓ ginger-db-studio-test-env/service.yml — no changes
  ✓ ginger-kube/deployment.yml — no changes

  ~ ginger-kube/secrets.yaml — changes:
    diff -u -N /var/folders/zt/63lhr8hn3dj233z2nm3vqgcr0000gn/T/LIVE-2587894024/v1.Secret.default.ginger-kube-api-secrets /var/folders/zt/63lhr8hn3dj233z2nm3vqgcr0000gn/T/MERGED-1861770182/v1.Secret.default.ginger-kube-api-secrets
    [31m--- /var/folders/zt/63lhr8hn3dj233z2nm3vqgcr0000gn/T/LIVE-2587894024/v1.Secret.default.ginger-kube-api-secrets	2026-05-18 17:33:34[0m
    [32m+++ /var/folders/zt/63lhr8hn3dj233z2nm3vqgcr0000gn/T/MERGED-1861770182/v1.Secret.default.ginger-kube-api-secrets	2026-05-18 17:33:34[0m
    @@ -2,7 +2,7 @@
     data:
       DATABASE_URL: '***'
       ISC_SECRET: '***'
    [31m-  ROCKET_SECRET_KEY: '*** (before)'[0m
    [32m+  ROCKET_SECRET_KEY: '*** (after)'[0m
     kind: Secret
     metadata:
       annotations:
  ✓ ginger-kube/service.yml — no changes

  ~ gitter/configmaps.yaml — changes:
    diff -u -N /var/folders/zt/63lhr8hn3dj233z2nm3vqgcr0000gn/T/LIVE-1378902736/v1.ConfigMap.default.ginger-gitter-config /var/folders/zt/63lhr8hn3dj233z2nm3vqgcr0000gn/T/MERGED-947085355/v1.ConfigMap.default.ginger-gitter-config
    [31m--- /var/folders/zt/63lhr8hn3dj233z2nm3vqgcr0000gn/T/LIVE-1378902736/v1.ConfigMap.default.ginger-gitter-config	2026-05-18 17:33:34[0m
    [32m+++ /var/folders/zt/63lhr8hn3dj233z2nm3vqgcr0000gn/T/MERGED-947085355/v1.ConfigMap.default.ginger-gitter-config	2026-05-18 17:33:34[0m
    @@ -0,0 +1,10 @@
    [32m+apiVersion: v1[0m
    [32m+data:[0m
    [32m+  GH_SSH_PREFIX: git@github.com:NAME[0m
    [32m+  GH_USERNAME: NAME[0m
    [32m+kind: ConfigMap[0m
    [32m+metadata:[0m
    [32m+  creationTimestamp: "2026-05-18T12:03:34Z"[0m
    [32m+  name: ginger-gitter-config[0m
    [32m+  namespace: default[0m
    [32m+  uid: 986b33c8-926d-4434-be5e-1b0c9e613b05[0m

  ~ gitter/deployment.yaml — changes:
    diff -u -N /var/folders/zt/63lhr8hn3dj233z2nm3vqgcr0000gn/T/LIVE-572312500/apps.v1.Deployment.default.gitolite /var/folders/zt/63lhr8hn3dj233z2nm3vqgcr0000gn/T/MERGED-3556024524/apps.v1.Deployment.default.gitolite
    [31m--- /var/folders/zt/63lhr8hn3dj233z2nm3vqgcr0000gn/T/LIVE-572312500/apps.v1.Deployment.default.gitolite	2026-05-18 17:33:35[0m
    [32m+++ /var/folders/zt/63lhr8hn3dj233z2nm3vqgcr0000gn/T/MERGED-3556024524/apps.v1.Deployment.default.gitolite	2026-05-18 17:33:35[0m
    @@ -0,0 +1,115 @@
    [32m+apiVersion: apps/v1[0m
    [32m+kind: Deployment[0m
    [32m+metadata:[0m
    [32m+  creationTimestamp: "2026-05-18T12:03:35Z"[0m
    [32m+  generation: 1[0m
    [32m+  labels:[0m
    [32m+    app: gitolite[0m
    [32m+  name: gitolite[0m
    [32m+  namespace: default[0m
    [32m+  uid: 9d65d8d5-dd91-4a02-8584-7ca3f4264a67[0m
    [32m+spec:[0m
    [32m+  progressDeadlineSeconds: 600[0m
    [32m+  replicas: 1[0m
    [32m+  revisionHistoryLimit: 10[0m
    [32m+  selector:[0m
    [32m+    matchLabels:[0m
    [32m+      app: gitolite[0m
    [32m+  strategy:[0m
    [32m+    rollingUpdate:[0m
    [32m+      maxSurge: 25%[0m
    [32m+      maxUnavailable: 25%[0m
    [32m+    type: RollingUpdate[0m
    [32m+  template:[0m
    [32m+    metadata:[0m
    [32m+      labels:[0m
    [32m+        app: gitolite[0m
    [32m+    spec:[0m
    [32m+      containers:[0m
    [32m+      - image: gingersociety/gitter:latest[0m
    [32m+        imagePullPolicy: Always[0m
    [32m+        name: gitolite[0m
    [32m+        ports:[0m
    [32m+        - containerPort: 22[0m
    [32m+          protocol: TCP[0m
    [32m+        resources: {}[0m
    [32m+        terminationMessagePath: /dev/termination-log[0m
    [32m+        terminationMessagePolicy: File[0m
    [32m+        volumeMounts:[0m
    [32m+        - mountPath: /home/git[0m
    [32m+          name: gitolite-data[0m
    [32m+        - mountPath: /run/secrets/admin_key.pub[0m
    [32m+          name: admin-key[0m
    [32m+          readOnly: true[0m
    [32m+          subPath: admin_key.pub[0m
    [32m+      - env:[0m
    [32m+        - name: REDIS_URL[0m
    [32m+          value: redis://redis-service:6379[0m
    [32m+        - name: ADMIN_REPO_SSH_URL[0m
    [32m+          value: git@localhost:gitolite-admin.git[0m
    [32m+        - name: ADMIN_SSH_KEY_PATH[0m
    [32m+          value: /run/secrets/admin_key[0m
    [32m+        - name: GH_SSH_PREFIX[0m
    [32m+          valueFrom:[0m
    [32m+            configMapKeyRef:[0m
    [32m+              key: GH_SSH_PREFIX[0m
    [32m+              name: ginger-gitter-config[0m
    [32m+        - name: GH_USERNAME[0m
    [32m+          valueFrom:[0m
    [32m+            configMapKeyRef:[0m
    [32m+              key: GH_USERNAME[0m
    [32m+              name: ginger-gitter-config[0m
    [32m+        - name: GH_PAT[0m
    [32m+          valueFrom:[0m
    [32m+            secretKeyRef:[0m
    [32m+              key: gh_pat[0m
    [32m+              name: gitolite-admin-key[0m
    [32m+        - name: GH_SSH_KEY_PATH[0m
    [32m+          value: /run/secrets/gh_ssh_key[0m
    [32m+        - name: ADMIN_REPO_PATH[0m
    [32m+          value: ./admin-repo[0m
    [32m+        - name: GITOLITE_PORT[0m
    [32m+          value: "22"[0m
    [32m+        - name: GITOLITE_HOST[0m
    [32m+          value: localhost[0m
    [32m+        - name: RUST_LOG[0m
    [32m+          value: debug[0m
    [32m+        - name: JWT_SECRET[0m
    [32m+          valueFrom:[0m
    [32m+            secretKeyRef:[0m
    [32m+              key: JWT_SECRET[0m
    [32m+              name: platform-secrets[0m
    [32m+        image: gingersociety/ginger-gitter-service:latest[0m
    [32m+        imagePullPolicy: Always[0m
    [32m+        name: ginger-gitter-service[0m
    [32m+        ports:[0m
    [32m+        - containerPort: 8080[0m
    [32m+          protocol: TCP[0m
    [32m+        resources: {}[0m
    [32m+        terminationMessagePath: /dev/termination-log[0m
    [32m+        terminationMessagePolicy: File[0m
    [32m+        volumeMounts:[0m
    [32m+        - mountPath: /run/secrets/admin_key[0m
    [32m+          name: admin-key[0m
    [32m+          readOnly: true[0m
    [32m+          subPath: admin_key[0m
    [32m+        - mountPath: /run/secrets/gh_ssh_key[0m
    [32m+          name: admin-key[0m
    [32m+          readOnly: true[0m
    [32m+          subPath: gh_ssh_key[0m
    [32m+        - mountPath: /home/git[0m
    [32m+          name: gitolite-data[0m
    [32m+      dnsPolicy: ClusterFirst[0m
    [32m+      restartPolicy: Always[0m
    [32m+      schedulerName: default-scheduler[0m
    [32m+      securityContext: {}[0m
    [32m+      terminationGracePeriodSeconds: 30[0m
    [32m+      volumes:[0m
    [32m+      - name: gitolite-data[0m
    [32m+        persistentVolumeClaim:[0m
    [32m+          claimName: gitolite-pvc[0m
    [32m+      - name: admin-key[0m
    [32m+        secret:[0m
    [32m+          defaultMode: 256[0m
    [32m+          secretName: gitolite-admin-key[0m
    [32m+status: {}[0m

  ~ gitter/secrets.yaml — changes:
    diff -u -N /var/folders/zt/63lhr8hn3dj233z2nm3vqgcr0000gn/T/LIVE-2460127592/v1.Secret.default.gitolite-admin-key /var/folders/zt/63lhr8hn3dj233z2nm3vqgcr0000gn/T/MERGED-2735916699/v1.Secret.default.gitolite-admin-key
    [31m--- /var/folders/zt/63lhr8hn3dj233z2nm3vqgcr0000gn/T/LIVE-2460127592/v1.Secret.default.gitolite-admin-key	2026-05-18 17:33:35[0m
    [32m+++ /var/folders/zt/63lhr8hn3dj233z2nm3vqgcr0000gn/T/MERGED-2735916699/v1.Secret.default.gitolite-admin-key	2026-05-18 17:33:35[0m
    @@ -1 +1,13 @@
    [31m-null[0m
    [32m+apiVersion: v1[0m
    [32m+data:[0m
    [32m+  admin_key: '***'[0m
    [32m+  admin_key.pub: '***'[0m
    [32m+  gh_pat: '***'[0m
    [32m+  gh_ssh_key: '***'[0m
    [32m+kind: Secret[0m
    [32m+metadata:[0m
    [32m+  creationTimestamp: "2026-05-18T12:03:35Z"[0m
    [32m+  name: gitolite-admin-key[0m
    [32m+  namespace: default[0m
    [32m+  uid: a83efee3-7d3d-4948-a934-3fc4d4879662[0m
    [32m+type: Opaque[0m

  ~ gitter/service.yaml — changes:
    diff -u -N /var/folders/zt/63lhr8hn3dj233z2nm3vqgcr0000gn/T/LIVE-4247830042/v1.Service.default.gitolite-service /var/folders/zt/63lhr8hn3dj233z2nm3vqgcr0000gn/T/MERGED-29506025/v1.Service.default.gitolite-service
    [31m--- /var/folders/zt/63lhr8hn3dj233z2nm3vqgcr0000gn/T/LIVE-4247830042/v1.Service.default.gitolite-service	2026-05-18 17:33:35[0m
    [32m+++ /var/folders/zt/63lhr8hn3dj233z2nm3vqgcr0000gn/T/MERGED-29506025/v1.Service.default.gitolite-service	2026-05-18 17:33:35[0m
    @@ -0,0 +1,28 @@
    [32m+apiVersion: v1[0m
    [32m+kind: Service[0m
    [32m+metadata:[0m
    [32m+  creationTimestamp: "2026-05-18T12:03:35Z"[0m
    [32m+  name: gitolite-service[0m
    [32m+  namespace: default[0m
    [32m+  uid: 18306618-3d4d-4ae4-9bd2-8e202bfabf44[0m
    [32m+spec:[0m
    [32m+  clusterIP: 10.96.0.0[0m
    [32m+  clusterIPs:[0m
    [32m+  - 10.96.0.0[0m
    [32m+  externalTrafficPolicy: Cluster[0m
    [32m+  internalTrafficPolicy: Cluster[0m
    [32m+  ipFamilies:[0m
    [32m+  - IPv4[0m
    [32m+  ipFamilyPolicy: SingleStack[0m
    [32m+  ports:[0m
    [32m+  - name: ssh[0m
    [32m+    nodePort: 30022[0m
    [32m+    port: 22[0m
    [32m+    protocol: TCP[0m
    [32m+    targetPort: 22[0m
    [32m+  selector:[0m
    [32m+    app: gitolite[0m
    [32m+  sessionAffinity: None[0m
    [32m+  type: NodePort[0m
    [32m+status:[0m
    [32m+  loadBalancer: {}[0m
    diff -u -N /var/folders/zt/63lhr8hn3dj233z2nm3vqgcr0000gn/T/LIVE-4247830042/v1.Service.default.gitter-service /var/folders/zt/63lhr8hn3dj233z2nm3vqgcr0000gn/T/MERGED-29506025/v1.Service.default.gitter-service
    [31m--- /var/folders/zt/63lhr8hn3dj233z2nm3vqgcr0000gn/T/LIVE-4247830042/v1.Service.default.gitter-service	2026-05-18 17:33:35[0m
    [32m+++ /var/folders/zt/63lhr8hn3dj233z2nm3vqgcr0000gn/T/MERGED-29506025/v1.Service.default.gitter-service	2026-05-18 17:33:35[0m
    @@ -0,0 +1,28 @@
    [32m+apiVersion: v1[0m
    [32m+kind: Service[0m
    [32m+metadata:[0m
    [32m+  creationTimestamp: "2026-05-18T12:03:35Z"[0m
    [32m+  labels:[0m
    [32m+    app: gitolite[0m
    [32m+  name: gitter-service[0m
    [32m+  namespace: default[0m
    [32m+  uid: 2bef4ff8-0692-48b2-8443-ddf92f284e85[0m
    [32m+spec:[0m
    [32m+  clusterIP: 10.96.0.0[0m
    [32m+  clusterIPs:[0m
    [32m+  - 10.96.0.0[0m
    [32m+  internalTrafficPolicy: Cluster[0m
    [32m+  ipFamilies:[0m
    [32m+  - IPv4[0m
    [32m+  ipFamilyPolicy: SingleStack[0m
    [32m+  ports:[0m
    [32m+  - name: http[0m
    [32m+    port: 80[0m
    [32m+    protocol: TCP[0m
    [32m+    targetPort: 8080[0m
    [32m+  selector:[0m
    [32m+    app: gitolite[0m
    [32m+  sessionAffinity: None[0m
    [32m+  type: ClusterIP[0m
    [32m+status:[0m
    [32m+  loadBalancer: {}[0m

  ~ gitter/volume.yml — changes:
    diff -u -N /var/folders/zt/63lhr8hn3dj233z2nm3vqgcr0000gn/T/LIVE-3036675872/v1.PersistentVolume..gitolite-pv /var/folders/zt/63lhr8hn3dj233z2nm3vqgcr0000gn/T/MERGED-1946322721/v1.PersistentVolume..gitolite-pv
    [31m--- /var/folders/zt/63lhr8hn3dj233z2nm3vqgcr0000gn/T/LIVE-3036675872/v1.PersistentVolume..gitolite-pv	2026-05-18 17:33:36[0m
    [32m+++ /var/folders/zt/63lhr8hn3dj233z2nm3vqgcr0000gn/T/MERGED-1946322721/v1.PersistentVolume..gitolite-pv	2026-05-18 17:33:36[0m
    @@ -0,0 +1,21 @@
    [32m+apiVersion: v1[0m
    [32m+kind: PersistentVolume[0m
    [32m+metadata:[0m
    [32m+  creationTimestamp: "2026-05-18T12:03:36Z"[0m
    [32m+  finalizers:[0m
    [32m+  - kubernetes.io/pv-protection[0m
    [32m+  name: gitolite-pv[0m
    [32m+  uid: 8e6eb1c1-5521-49f6-903e-9b93794bdf39[0m
    [32m+spec:[0m
    [32m+  accessModes:[0m
    [32m+  - ReadWriteOnce[0m
    [32m+  capacity:[0m
    [32m+    storage: 5Gi[0m
    [32m+  hostPath:[0m
    [32m+    path: /data/gitolite[0m
    [32m+    type: ""[0m
    [32m+  persistentVolumeReclaimPolicy: Retain[0m
    [32m+  volumeMode: Filesystem[0m
    [32m+status:[0m
    [32m+  lastPhaseTransitionTime: "2026-05-18T12:03:36Z"[0m
    [32m+  phase: Pending[0m
    diff -u -N /var/folders/zt/63lhr8hn3dj233z2nm3vqgcr0000gn/T/LIVE-3036675872/v1.PersistentVolumeClaim.default.gitolite-pvc /var/folders/zt/63lhr8hn3dj233z2nm3vqgcr0000gn/T/MERGED-1946322721/v1.PersistentVolumeClaim.default.gitolite-pvc
    [31m--- /var/folders/zt/63lhr8hn3dj233z2nm3vqgcr0000gn/T/LIVE-3036675872/v1.PersistentVolumeClaim.default.gitolite-pvc	2026-05-18 17:33:36[0m
    [32m+++ /var/folders/zt/63lhr8hn3dj233z2nm3vqgcr0000gn/T/MERGED-1946322721/v1.PersistentVolumeClaim.default.gitolite-pvc	2026-05-18 17:33:36[0m
    @@ -0,0 +1,19 @@
    [32m+apiVersion: v1[0m
    [32m+kind: PersistentVolumeClaim[0m
    [32m+metadata:[0m
    [32m+  creationTimestamp: "2026-05-18T12:03:36Z"[0m
    [32m+  finalizers:[0m
    [32m+  - kubernetes.io/pvc-protection[0m
    [32m+  name: gitolite-pvc[0m
    [32m+  namespace: default[0m
    [32m+  uid: 4e074417-286b-4eaa-9851-9037009328a6[0m
    [32m+spec:[0m
    [32m+  accessModes:[0m
    [32m+  - ReadWriteOnce[0m
    [32m+  resources:[0m
    [32m+    requests:[0m
    [32m+      storage: 5Gi[0m
    [32m+  storageClassName: standard[0m
    [32m+  volumeMode: Filesystem[0m
    [32m+status:[0m
    [32m+  phase: Pending[0m
  ✓ iam-admin-backend/deployment.yml — no changes

  ~ iam-admin-backend/secrets.yaml — changes:
    diff -u -N /var/folders/zt/63lhr8hn3dj233z2nm3vqgcr0000gn/T/LIVE-2361978654/v1.Secret.default.iam-admin-service-api-secrets /var/folders/zt/63lhr8hn3dj233z2nm3vqgcr0000gn/T/MERGED-1385255005/v1.Secret.default.iam-admin-service-api-secrets
    [31m--- /var/folders/zt/63lhr8hn3dj233z2nm3vqgcr0000gn/T/LIVE-2361978654/v1.Secret.default.iam-admin-service-api-secrets	2026-05-18 17:33:36[0m
    [32m+++ /var/folders/zt/63lhr8hn3dj233z2nm3vqgcr0000gn/T/MERGED-1385255005/v1.Secret.default.iam-admin-service-api-secrets	2026-05-18 17:33:36[0m
    @@ -1,8 +1,8 @@
     apiVersion: v1
     data:
       DATABASE_URL: '***'
    [31m-  ISC_SECRET: '*** (before)'[0m
    [31m-  ROCKET_SECRET_KEY: '*** (before)'[0m
    [32m+  ISC_SECRET: '*** (after)'[0m
    [32m+  ROCKET_SECRET_KEY: '*** (after)'[0m
     kind: Secret
     metadata:
       annotations:
  ✓ iam-admin-backend/service.yml — no changes
  ✓ iam-admin-frontend/deployment.yml — no changes
  ✓ iam-admin-frontend/service.yml — no changes
  ✓ iam-backend/deployment.yml — no changes

  ~ iam-backend/secrets.yaml — changes:
    diff -u -N /var/folders/zt/63lhr8hn3dj233z2nm3vqgcr0000gn/T/LIVE-967907610/v1.Secret.default.iam-git-ssh-ca-secret /var/folders/zt/63lhr8hn3dj233z2nm3vqgcr0000gn/T/MERGED-302018851/v1.Secret.default.iam-git-ssh-ca-secret
    [31m--- /var/folders/zt/63lhr8hn3dj233z2nm3vqgcr0000gn/T/LIVE-967907610/v1.Secret.default.iam-git-ssh-ca-secret	2026-05-18 17:33:37[0m
    [32m+++ /var/folders/zt/63lhr8hn3dj233z2nm3vqgcr0000gn/T/MERGED-302018851/v1.Secret.default.iam-git-ssh-ca-secret	2026-05-18 17:33:37[0m
    @@ -1,6 +1,6 @@
     apiVersion: v1
     data:
    [31m-  ca_key: '*** (before)'[0m
    [32m+  ca_key: '*** (after)'[0m
     kind: Secret
     metadata:
       annotations:
    diff -u -N /var/folders/zt/63lhr8hn3dj233z2nm3vqgcr0000gn/T/LIVE-967907610/v1.Secret.default.iam-service-api-secrets /var/folders/zt/63lhr8hn3dj233z2nm3vqgcr0000gn/T/MERGED-302018851/v1.Secret.default.iam-service-api-secrets
    [31m--- /var/folders/zt/63lhr8hn3dj233z2nm3vqgcr0000gn/T/LIVE-967907610/v1.Secret.default.iam-service-api-secrets	2026-05-18 17:33:37[0m
    [32m+++ /var/folders/zt/63lhr8hn3dj233z2nm3vqgcr0000gn/T/MERGED-302018851/v1.Secret.default.iam-service-api-secrets	2026-05-18 17:33:37[0m
    @@ -4,7 +4,7 @@
       DOCKER_REGISTRY_PRIVATE_KEY: '***'
       DOCKER_TOKEN_ISSUER: '***'
       ISC_SECRET: '***'
    [31m-  ROCKET_SECRET_KEY: '*** (before)'[0m
    [32m+  ROCKET_SECRET_KEY: '*** (after)'[0m
     kind: Secret
     metadata:
       annotations:
  ✓ iam-backend/service.yml — no changes
  ✓ iam-db-studio/deployment.yml — no changes
  ✓ iam-db-studio/service.yml — no changes
  ✓ iam-frontend/deployment.yml — no changes
  ✓ iam-frontend/service.yml — no changes

  ~ ingress-artifactory.yaml — changes:
    diff -u -N /var/folders/zt/63lhr8hn3dj233z2nm3vqgcr0000gn/T/LIVE-1310201431/networking.k8s.io.v1.Ingress.default.app-ingress /var/folders/zt/63lhr8hn3dj233z2nm3vqgcr0000gn/T/MERGED-89684792/networking.k8s.io.v1.Ingress.default.app-ingress
    [31m--- /var/folders/zt/63lhr8hn3dj233z2nm3vqgcr0000gn/T/LIVE-1310201431/networking.k8s.io.v1.Ingress.default.app-ingress	2026-05-18 17:33:39[0m
    [32m+++ /var/folders/zt/63lhr8hn3dj233z2nm3vqgcr0000gn/T/MERGED-89684792/networking.k8s.io.v1.Ingress.default.app-ingress	2026-05-18 17:33:39[0m
    @@ -10,7 +10,7 @@
         nginx.ingress.kubernetes.io/proxy-read-timeout: "3600"
         nginx.ingress.kubernetes.io/proxy-send-timeout: "3600"
       creationTimestamp: "2026-04-24T07:21:59Z"
    [31m-  generation: 3[0m
    [32m+  generation: 4[0m
       name: app-ingress
       namespace: default
       resourceVersion: "2200377"
    @@ -18,91 +18,6 @@
     spec:
       ingressClassName: nginx
       rules:
    [31m-  - host: api.gingersociety.org[0m
    [31m-    http:[0m
    [31m-      paths:[0m
    [31m-      - backend:[0m
    [31m-          service:[0m
    [31m-            name: example-service[0m
    [31m-            port:[0m
    [31m-              number: 80[0m
    [31m-        path: /example[0m
    [31m-        pathType: Prefix[0m
    [31m-      - backend:[0m
    [31m-          service:[0m
    [31m-            name: iam-service-api-service[0m
    [31m-            port:[0m
    [31m-              number: 80[0m
    [31m-        path: /iam[0m
    [31m-        pathType: Prefix[0m
    [31m-      - backend:[0m
    [31m-          service:[0m
    [31m-            name: metadata-service-api-service[0m
    [31m-            port:[0m
    [31m-              number: 80[0m
    [31m-        path: /metadata[0m
    [31m-        pathType: Prefix[0m
    [31m-      - backend:[0m
    [31m-          service:[0m
    [31m-            name: ginger-kube-service[0m
    [31m-            port:[0m
    [31m-              number: 80[0m
    [31m-        path: /kube[0m
    [31m-        pathType: Prefix[0m
    [31m-      - backend:[0m
    [31m-          service:[0m
    [31m-            name: iam-admin-service-api-service[0m
    [31m-            port:[0m
    [31m-              number: 80[0m
    [31m-        path: /iam-admin[0m
    [31m-        pathType: Prefix[0m
    [31m-      - backend:[0m
    [31m-          service:[0m
    [31m-            name: notification-service-service[0m
    [31m-            port:[0m
    [31m-              number: 80[0m
    [31m-        path: /notification[0m
    [31m-        pathType: Prefix[0m
    [31m-  - host: iam.gingersociety.org[0m
    [31m-    http:[0m
    [31m-      paths:[0m
    [31m-      - backend:[0m
    [31m-          service:[0m
    [31m-            name: iam-frontend-service[0m
    [31m-            port:[0m
    [31m-              number: 80[0m
    [31m-        path: /[0m
    [31m-        pathType: Prefix[0m
    [31m-  - host: iam-admin.gingersociety.org[0m
    [31m-    http:[0m
    [31m-      paths:[0m
    [31m-      - backend:[0m
    [31m-          service:[0m
    [31m-            name: iam-admin-frontend-service[0m
    [31m-            port:[0m
    [31m-              number: 80[0m
    [31m-        path: /[0m
    [31m-        pathType: Prefix[0m
    [31m-  - host: pgadmin.gingersociety.org[0m
    [31m-    http:[0m
    [31m-      paths:[0m
    [31m-      - backend:[0m
    [31m-          service:[0m
    [31m-            name: pgadmin-pgadmin4[0m
    [31m-            port:[0m
    [31m-              number: 80[0m
    [31m-        path: /[0m
    [31m-        pathType: Prefix[0m
    [31m-  - host: source.gingersociety.org[0m
    [31m-    http:[0m
    [31m-      paths:[0m
    [31m-      - backend:[0m
    [31m-          service:[0m
    [31m-            name: gitweb-service[0m
    [31m-            port:[0m
    [31m-              number: 80[0m
    [31m-        path: /[0m
    [31m-        pathType: Prefix[0m
       - host: npm.gingersociety.org
         http:
           paths:
    @@ -123,96 +38,12 @@
                   number: 80
             path: /
             pathType: Prefix
    [31m-  - host: longhorn.gingersociety.org[0m
    [31m-    http:[0m
    [31m-      paths:[0m
    [31m-      - backend:[0m
    [31m-          service:[0m
    [31m-            name: longhorn-dashboard-proxy[0m
    [31m-            port:[0m
    [31m-              number: 80[0m
    [31m-        path: /[0m
    [31m-        pathType: Prefix[0m
       - host: pip.gingersociety.org
         http:
           paths:
           - backend:
               service:
                 name: pypiserver
    [31m-            port:[0m
    [31m-              number: 80[0m
    [31m-        path: /simple[0m
    [31m-        pathType: Prefix[0m
    [31m-      - backend:[0m
    [31m-          service:[0m
    [31m-            name: filebrowser[0m
    [31m-            port:[0m
    [31m-              number: 80[0m
    [31m-        path: /ftp[0m
    [31m-        pathType: Prefix[0m
    [31m-  - host: images.gingersociety.org[0m
    [31m-    http:[0m
    [31m-      paths:[0m
    [31m-      - backend:[0m
    [31m-          service:[0m
    [31m-            name: filebrowser-static-images-service[0m
    [31m-            port:[0m
    [31m-              number: 80[0m
    [31m-        path: /ftp[0m
    [31m-        pathType: Prefix[0m
    [31m-      - backend:[0m
    [31m-          service:[0m
    [31m-            name: static-image-service[0m
    [31m-            port:[0m
    [31m-              number: 80[0m
    [31m-        path: /[0m
    [31m-        pathType: Prefix[0m
    [31m-  - host: tekton.gingersociety.org[0m
    [31m-    http:[0m
    [31m-      paths:[0m
    [31m-      - backend:[0m
    [31m-          service:[0m
    [31m-            name: tekton-dashboard-proxy[0m
    [31m-            port:[0m
    [31m-              number: 9097[0m
    [31m-        path: /[0m
    [31m-        pathType: Prefix[0m
    [31m-  - host: k8-prod-dashboard.gingersociety.org[0m
    [31m-    http:[0m
    [31m-      paths:[0m
    [31m-      - backend:[0m
    [31m-          service:[0m
    [31m-            name: dashboard-auth-proxy[0m
    [31m-            port:[0m
    [31m-              number: 80[0m
    [31m-        path: /[0m
    [31m-        pathType: Prefix[0m
    [31m-  - host: db-compose-test-env.gingersociety.org[0m
    [31m-    http:[0m
    [31m-      paths:[0m
    [31m-      - backend:[0m
    [31m-          service:[0m
    [31m-            name: ginger-db-test-env-service[0m
    [31m-            port:[0m
    [31m-              number: 80[0m
    [31m-        path: /[0m
    [31m-        pathType: Prefix[0m
    [31m-  - host: coder-test-env.gingersociety.org[0m
    [31m-    http:[0m
    [31m-      paths:[0m
    [31m-      - backend:[0m
    [31m-          service:[0m
    [31m-            name: coder-test-service[0m
    [31m-            port:[0m
    [31m-              number: 80[0m
    [31m-        path: /[0m
    [31m-        pathType: Prefix[0m
    [31m-  - host: dev-portal.gingersociety.org[0m
    [31m-    http:[0m
    [31m-      paths:[0m
    [31m-      - backend:[0m
    [31m-          service:[0m
    [31m-            name: dev-portal-frontend-service[0m
                 port:
                   number: 80
             path: /

  ~ ingress-infra.yml — changes:
    diff -u -N /var/folders/zt/63lhr8hn3dj233z2nm3vqgcr0000gn/T/LIVE-3153090291/networking.k8s.io.v1.Ingress.default.app-ingress /var/folders/zt/63lhr8hn3dj233z2nm3vqgcr0000gn/T/MERGED-3486399448/networking.k8s.io.v1.Ingress.default.app-ingress
    [31m--- /var/folders/zt/63lhr8hn3dj233z2nm3vqgcr0000gn/T/LIVE-3153090291/networking.k8s.io.v1.Ingress.default.app-ingress	2026-05-18 17:33:39[0m
    [32m+++ /var/folders/zt/63lhr8hn3dj233z2nm3vqgcr0000gn/T/MERGED-3486399448/networking.k8s.io.v1.Ingress.default.app-ingress	2026-05-18 17:33:39[0m
    @@ -10,7 +10,7 @@
         nginx.ingress.kubernetes.io/proxy-read-timeout: "3600"
         nginx.ingress.kubernetes.io/proxy-send-timeout: "3600"
       creationTimestamp: "2026-04-24T07:21:59Z"
    [31m-  generation: 3[0m
    [32m+  generation: 4[0m
       name: app-ingress
       namespace: default
       resourceVersion: "2200377"
    @@ -18,201 +18,12 @@
     spec:
       ingressClassName: nginx
       rules:
    [31m-  - host: api.gingersociety.org[0m
    [31m-    http:[0m
    [31m-      paths:[0m
    [31m-      - backend:[0m
    [31m-          service:[0m
    [31m-            name: example-service[0m
    [31m-            port:[0m
    [31m-              number: 80[0m
    [31m-        path: /example[0m
    [31m-        pathType: Prefix[0m
    [31m-      - backend:[0m
    [31m-          service:[0m
    [31m-            name: iam-service-api-service[0m
    [31m-            port:[0m
    [31m-              number: 80[0m
    [31m-        path: /iam[0m
    [31m-        pathType: Prefix[0m
    [31m-      - backend:[0m
    [31m-          service:[0m
    [31m-            name: metadata-service-api-service[0m
    [31m-            port:[0m
    [31m-              number: 80[0m
    [31m-        path: /metadata[0m
    [31m-        pathType: Prefix[0m
    [31m-      - backend:[0m
    [31m-          service:[0m
    [31m-            name: ginger-kube-service[0m
    [31m-            port:[0m
    [31m-              number: 80[0m
    [31m-        path: /kube[0m
    [31m-        pathType: Prefix[0m
    [31m-      - backend:[0m
    [31m-          service:[0m
    [31m-            name: iam-admin-service-api-service[0m
    [31m-            port:[0m
    [31m-              number: 80[0m
    [31m-        path: /iam-admin[0m
    [31m-        pathType: Prefix[0m
    [31m-      - backend:[0m
    [31m-          service:[0m
    [31m-            name: notification-service-service[0m
    [31m-            port:[0m
    [31m-              number: 80[0m
    [31m-        path: /notification[0m
    [31m-        pathType: Prefix[0m
    [31m-  - host: iam.gingersociety.org[0m
    [31m-    http:[0m
    [31m-      paths:[0m
    [31m-      - backend:[0m
    [31m-          service:[0m
    [31m-            name: iam-frontend-service[0m
    [31m-            port:[0m
    [31m-              number: 80[0m
    [31m-        path: /[0m
    [31m-        pathType: Prefix[0m
    [31m-  - host: iam-admin.gingersociety.org[0m
    [31m-    http:[0m
    [31m-      paths:[0m
    [31m-      - backend:[0m
    [31m-          service:[0m
    [31m-            name: iam-admin-frontend-service[0m
    [31m-            port:[0m
    [31m-              number: 80[0m
    [31m-        path: /[0m
    [31m-        pathType: Prefix[0m
    [31m-  - host: pgadmin.gingersociety.org[0m
    [31m-    http:[0m
    [31m-      paths:[0m
    [31m-      - backend:[0m
    [31m-          service:[0m
    [31m-            name: pgadmin-pgadmin4[0m
    [31m-            port:[0m
    [31m-              number: 80[0m
    [31m-        path: /[0m
    [31m-        pathType: Prefix[0m
    [31m-  - host: source.gingersociety.org[0m
    [31m-    http:[0m
    [31m-      paths:[0m
    [31m-      - backend:[0m
    [31m-          service:[0m
    [31m-            name: gitweb-service[0m
    [31m-            port:[0m
    [31m-              number: 80[0m
    [31m-        path: /[0m
    [31m-        pathType: Prefix[0m
    [31m-  - host: npm.gingersociety.org[0m
    [31m-    http:[0m
    [31m-      paths:[0m
    [31m-      - backend:[0m
    [31m-          service:[0m
    [31m-            name: verdaccio-service[0m
    [31m-            port:[0m
    [31m-              number: 80[0m
    [31m-        path: /[0m
    [31m-        pathType: Prefix[0m
    [31m-  - host: docker-ui.gingersociety.org[0m
    [31m-    http:[0m
    [31m-      paths:[0m
    [31m-      - backend:[0m
    [31m-          service:[0m
    [31m-            name: registry-ui[0m
    [31m-            port:[0m
    [31m-              number: 80[0m
    [31m-        path: /[0m
    [31m-        pathType: Prefix[0m
    [31m-  - host: longhorn.gingersociety.org[0m
    [31m-    http:[0m
    [31m-      paths:[0m
    [31m-      - backend:[0m
    [31m-          service:[0m
    [31m-            name: longhorn-dashboard-proxy[0m
    [31m-            port:[0m
    [31m-              number: 80[0m
    [31m-        path: /[0m
    [31m-        pathType: Prefix[0m
    [31m-  - host: pip.gingersociety.org[0m
    [31m-    http:[0m
    [31m-      paths:[0m
    [31m-      - backend:[0m
    [31m-          service:[0m
    [31m-            name: pypiserver[0m
    [31m-            port:[0m
    [31m-              number: 80[0m
    [31m-        path: /simple[0m
    [31m-        pathType: Prefix[0m
    [31m-      - backend:[0m
    [31m-          service:[0m
    [31m-            name: filebrowser[0m
    [31m-            port:[0m
    [31m-              number: 80[0m
    [31m-        path: /ftp[0m
    [31m-        pathType: Prefix[0m
    [31m-  - host: images.gingersociety.org[0m
    [31m-    http:[0m
    [31m-      paths:[0m
    [31m-      - backend:[0m
    [31m-          service:[0m
    [31m-            name: filebrowser-static-images-service[0m
    [31m-            port:[0m
    [31m-              number: 80[0m
    [31m-        path: /ftp[0m
    [31m-        pathType: Prefix[0m
    [31m-      - backend:[0m
    [31m-          service:[0m
    [31m-            name: static-image-service[0m
    [31m-            port:[0m
    [31m-              number: 80[0m
    [31m-        path: /[0m
    [31m-        pathType: Prefix[0m
       - host: tekton.gingersociety.org
         http:
           paths:
           - backend:
               service:
    [31m-            name: tekton-dashboard-proxy[0m
    [31m-            port:[0m
    [31m-              number: 9097[0m
    [31m-        path: /[0m
    [31m-        pathType: Prefix[0m
    [31m-  - host: k8-prod-dashboard.gingersociety.org[0m
    [31m-    http:[0m
    [31m-      paths:[0m
    [31m-      - backend:[0m
    [31m-          service:[0m
    [31m-            name: dashboard-auth-proxy[0m
    [31m-            port:[0m
    [31m-              number: 80[0m
    [31m-        path: /[0m
    [31m-        pathType: Prefix[0m
    [31m-  - host: db-compose-test-env.gingersociety.org[0m
    [31m-    http:[0m
    [31m-      paths:[0m
    [31m-      - backend:[0m
    [31m-          service:[0m
    [31m-            name: ginger-db-test-env-service[0m
    [31m-            port:[0m
    [31m-              number: 80[0m
    [31m-        path: /[0m
    [31m-        pathType: Prefix[0m
    [31m-  - host: coder-test-env.gingersociety.org[0m
    [31m-    http:[0m
    [31m-      paths:[0m
    [31m-      - backend:[0m
    [31m-          service:[0m
    [31m-            name: coder-test-service[0m
    [31m-            port:[0m
    [31m-              number: 80[0m
    [31m-        path: /[0m
    [31m-        pathType: Prefix[0m
    [31m-  - host: dev-portal.gingersociety.org[0m
    [31m-    http:[0m
    [31m-      paths:[0m
    [31m-      - backend:[0m
    [31m-          service:[0m
    [31m-            name: dev-portal-frontend-service[0m
    [32m+            name: tekton-dashboard-auth-proxy[0m
                 port:
                   number: 80
             path: /
  ✓ ingress-mcs.yaml — no changes
  ✓ k8-dashboard/cluster-role-binding.yml — no changes
  ✓ k8-dashboard/cluster-role.yml — no changes
  ✓ k8-dashboard/k8-dashboard-proxy.yml — no changes
  ✓ metadata-db-studio/deployment.yml — no changes
  ✓ metadata-db-studio/service.yml — no changes
  ✓ metadata-service/deployment.yml — no changes

  ~ metadata-service/secrets.yaml — changes:
    diff -u -N /var/folders/zt/63lhr8hn3dj233z2nm3vqgcr0000gn/T/LIVE-612888686/v1.Secret.default.metadata-service-api-secrets /var/folders/zt/63lhr8hn3dj233z2nm3vqgcr0000gn/T/MERGED-3572244960/v1.Secret.default.metadata-service-api-secrets
    [31m--- /var/folders/zt/63lhr8hn3dj233z2nm3vqgcr0000gn/T/LIVE-612888686/v1.Secret.default.metadata-service-api-secrets	2026-05-18 17:33:41[0m
    [32m+++ /var/folders/zt/63lhr8hn3dj233z2nm3vqgcr0000gn/T/MERGED-3572244960/v1.Secret.default.metadata-service-api-secrets	2026-05-18 17:33:41[0m
    @@ -1,8 +1,8 @@
     apiVersion: v1
     data:
       DATABASE_URL: '***'
    [31m-  ISC_SECRET: '*** (before)'[0m
    [31m-  ROCKET_SECRET_KEY: '*** (before)'[0m
    [32m+  ISC_SECRET: '*** (after)'[0m
    [32m+  ROCKET_SECRET_KEY: '*** (after)'[0m
     kind: Secret
     metadata:
       annotations:
  ✓ metadata-service/service.yml — no changes

  ~ notification-service/deployment.yml — changes:
    diff -u -N /var/folders/zt/63lhr8hn3dj233z2nm3vqgcr0000gn/T/LIVE-3112669422/apps.v1.Deployment.default.notification-service-deployment /var/folders/zt/63lhr8hn3dj233z2nm3vqgcr0000gn/T/MERGED-3991233605/apps.v1.Deployment.default.notification-service-deployment
    [31m--- /var/folders/zt/63lhr8hn3dj233z2nm3vqgcr0000gn/T/LIVE-3112669422/apps.v1.Deployment.default.notification-service-deployment	2026-05-18 17:33:42[0m
    [32m+++ /var/folders/zt/63lhr8hn3dj233z2nm3vqgcr0000gn/T/MERGED-3991233605/apps.v1.Deployment.default.notification-service-deployment	2026-05-18 17:33:42[0m
    @@ -6,7 +6,7 @@
         kubectl.kubernetes.io/last-applied-configuration: |
           {"apiVersion":"apps/v1","kind":"Deployment","metadata":{"annotations":{},"labels":{"app":"notification-service"},"name":"notification-service-deployment","namespace":"default"},"spec":{"replicas":1,"selector":{"matchLabels":{"app":"notification-service"}},"template":{"metadata":{"labels":{"app":"notification-service"}},"spec":{"containers":[{"env":[{"name":"AMPQ_URI","valueFrom":{"secretKeyRef":{"key":"amqp_url","name":"my-rabbitmq-rabbitmq-auth"}}},{"name":"AWS_ACCESS_KEY_ID","valueFrom":{"secretKeyRef":{"key":"AWS_ACCESS_KEY_ID","name":"ses-credentials"}}},{"name":"AWS_SECRET_ACCESS_KEY","valueFrom":{"secretKeyRef":{"key":"AWS_SECRET_ACCESS_KEY","name":"ses-credentials"}}},{"name":"AWS_REGION","value":"ap-south-1"},{"name":"REDIS_URI","value":"redis://redis-service:6379"},{"name":"REDIS_PUBSUB_URI","value":"redis://redis-service:6379"}],"image":"gingersociety/notification-service-stage:latest","name":"notification-service","ports":[{"containerPort":3030}]}]}}}}
       creationTimestamp: "2026-04-20T21:18:54Z"
    [31m-  generation: 59[0m
    [32m+  generation: 60[0m
       labels:
         app: notification-service
       name: notification-service-deployment
    @@ -15,7 +15,7 @@
       uid: b7188922-8536-4dc7-9d29-5b4f7be291ed
     spec:
       progressDeadlineSeconds: 600
    [31m-  replicas: 3[0m
    [32m+  replicas: 1[0m
       revisionHistoryLimit: 10
       selector:
         matchLabels:
  ✓ notification-service/service.yml — no changes

  ~ pypi/pypi.yaml — changes:
    diff -u -N /var/folders/zt/63lhr8hn3dj233z2nm3vqgcr0000gn/T/LIVE-728002555/apps.v1.Deployment.default.pypiserver /var/folders/zt/63lhr8hn3dj233z2nm3vqgcr0000gn/T/MERGED-4095143943/apps.v1.Deployment.default.pypiserver
    [31m--- /var/folders/zt/63lhr8hn3dj233z2nm3vqgcr0000gn/T/LIVE-728002555/apps.v1.Deployment.default.pypiserver	2026-05-18 17:33:42[0m
    [32m+++ /var/folders/zt/63lhr8hn3dj233z2nm3vqgcr0000gn/T/MERGED-4095143943/apps.v1.Deployment.default.pypiserver	2026-05-18 17:33:42[0m
    @@ -0,0 +1,78 @@
    [32m+apiVersion: apps/v1[0m
    [32m+kind: Deployment[0m
    [32m+metadata:[0m
    [32m+  creationTimestamp: "2026-05-18T12:03:43Z"[0m
    [32m+  generation: 1[0m
    [32m+  name: pypiserver[0m
    [32m+  namespace: default[0m
    [32m+  uid: f47bb5c0-5474-457a-a207-42aaf9aad7e2[0m
    [32m+spec:[0m
    [32m+  progressDeadlineSeconds: 600[0m
    [32m+  replicas: 1[0m
    [32m+  revisionHistoryLimit: 10[0m
    [32m+  selector:[0m
    [32m+    matchLabels:[0m
    [32m+      app: pypiserver[0m
    [32m+  strategy:[0m
    [32m+    rollingUpdate:[0m
    [32m+      maxSurge: 25%[0m
    [32m+      maxUnavailable: 25%[0m
    [32m+    type: RollingUpdate[0m
    [32m+  template:[0m
    [32m+    metadata:[0m
    [32m+      labels:[0m
    [32m+        app: pypiserver[0m
    [32m+    spec:[0m
    [32m+      containers:[0m
    [32m+      - args:[0m
    [32m+        - run[0m
    [32m+        - --authenticate[0m
    [32m+        - update,download,list[0m
    [32m+        - ./packages[0m
    [32m+        image: gingersociety/pypi-index:latest[0m
    [32m+        imagePullPolicy: Always[0m
    [32m+        name: pypiserver[0m
    [32m+        ports:[0m
    [32m+        - containerPort: 8080[0m
    [32m+          protocol: TCP[0m
    [32m+        resources: {}[0m
    [32m+        terminationMessagePath: /dev/termination-log[0m
    [32m+        terminationMessagePolicy: File[0m
    [32m+        volumeMounts:[0m
    [32m+        - mountPath: /data/packages[0m
    [32m+          name: pypi-storage[0m
    [32m+      - env:[0m
    [32m+        - name: JWT_SECRET_KEY[0m
    [32m+          valueFrom:[0m
    [32m+            secretKeyRef:[0m
    [32m+              key: JWT_SECRET[0m
    [32m+              name: platform-secrets[0m
    [32m+        - name: UPSTREAM_URL[0m
    [32m+          value: http://localhost:8080[0m
    [32m+        - name: IAM_LOGIN_URL[0m
    [32m+          value: https://iam.gingersociety.org/#pypi-index/login[0m
    [32m+        - name: PORT[0m
    [32m+          value: "3000"[0m
    [32m+        image: gingersociety/ginger-auth-proxy:latest[0m
    [32m+        imagePullPolicy: Always[0m
    [32m+        name: ginger-auth-proxy[0m
    [32m+        ports:[0m
    [32m+        - containerPort: 3000[0m
    [32m+          protocol: TCP[0m
    [32m+        resources: {}[0m
    [32m+        terminationMessagePath: /dev/termination-log[0m
    [32m+        terminationMessagePolicy: File[0m
    [32m+      dnsPolicy: ClusterFirst[0m
    [32m+      restartPolicy: Always[0m
    [32m+      schedulerName: default-scheduler[0m
    [32m+      securityContext: {}[0m
    [32m+      terminationGracePeriodSeconds: 30[0m
    [32m+      tolerations:[0m
    [32m+      - effect: NoSchedule[0m
    [32m+        key: node-role.kubernetes.io/control-plane[0m
    [32m+        operator: Exists[0m
    [32m+      volumes:[0m
    [32m+      - name: pypi-storage[0m
    [32m+        persistentVolumeClaim:[0m
    [32m+          claimName: pypi-pvc[0m
    [32m+status: {}[0m
    diff -u -N /var/folders/zt/63lhr8hn3dj233z2nm3vqgcr0000gn/T/LIVE-728002555/v1.PersistentVolumeClaim.default.pypi-pvc /var/folders/zt/63lhr8hn3dj233z2nm3vqgcr0000gn/T/MERGED-4095143943/v1.PersistentVolumeClaim.default.pypi-pvc
    [31m--- /var/folders/zt/63lhr8hn3dj233z2nm3vqgcr0000gn/T/LIVE-728002555/v1.PersistentVolumeClaim.default.pypi-pvc	2026-05-18 17:33:42[0m
    [32m+++ /var/folders/zt/63lhr8hn3dj233z2nm3vqgcr0000gn/T/MERGED-4095143943/v1.PersistentVolumeClaim.default.pypi-pvc	2026-05-18 17:33:42[0m
    @@ -0,0 +1,19 @@
    [32m+apiVersion: v1[0m
    [32m+kind: PersistentVolumeClaim[0m
    [32m+metadata:[0m
    [32m+  creationTimestamp: "2026-05-18T12:03:42Z"[0m
    [32m+  finalizers:[0m
    [32m+  - kubernetes.io/pvc-protection[0m
    [32m+  name: pypi-pvc[0m
    [32m+  namespace: default[0m
    [32m+  uid: 0c0d1d6e-ed3e-4a51-9f50-b35adc2b9d72[0m
    [32m+spec:[0m
    [32m+  accessModes:[0m
    [32m+  - ReadWriteOnce[0m
    [32m+  resources:[0m
    [32m+    requests:[0m
    [32m+      storage: 2Gi[0m
    [32m+  storageClassName: standard[0m
    [32m+  volumeMode: Filesystem[0m
    [32m+status:[0m
    [32m+  phase: Pending[0m
    diff -u -N /var/folders/zt/63lhr8hn3dj233z2nm3vqgcr0000gn/T/LIVE-728002555/v1.Service.default.pypiserver /var/folders/zt/63lhr8hn3dj233z2nm3vqgcr0000gn/T/MERGED-4095143943/v1.Service.default.pypiserver
    [31m--- /var/folders/zt/63lhr8hn3dj233z2nm3vqgcr0000gn/T/LIVE-728002555/v1.Service.default.pypiserver	2026-05-18 17:33:42[0m
    [32m+++ /var/folders/zt/63lhr8hn3dj233z2nm3vqgcr0000gn/T/MERGED-4095143943/v1.Service.default.pypiserver	2026-05-18 17:33:42[0m
    @@ -0,0 +1,26 @@
    [32m+apiVersion: v1[0m
    [32m+kind: Service[0m
    [32m+metadata:[0m
    [32m+  creationTimestamp: "2026-05-18T12:03:43Z"[0m
    [32m+  name: pypiserver[0m
    [32m+  namespace: default[0m
    [32m+  uid: 471c8df2-d099-4fdf-9bda-a601dfaecd2a[0m
    [32m+spec:[0m
    [32m+  clusterIP: 10.96.0.0[0m
    [32m+  clusterIPs:[0m
    [32m+  - 10.96.0.0[0m
    [32m+  internalTrafficPolicy: Cluster[0m
    [32m+  ipFamilies:[0m
    [32m+  - IPv4[0m
    [32m+  ipFamilyPolicy: SingleStack[0m
    [32m+  ports:[0m
    [32m+  - name: proxy[0m
    [32m+    port: 80[0m
    [32m+    protocol: TCP[0m
    [32m+    targetPort: 3000[0m
    [32m+  selector:[0m
    [32m+    app: pypiserver[0m
    [32m+  sessionAffinity: None[0m
    [32m+  type: ClusterIP[0m
    [32m+status:[0m
    [32m+  loadBalancer: {}[0m
  ✓ shared/redis.yml — no changes

  ~ shared/secrets.yaml — changes:
    diff -u -N /var/folders/zt/63lhr8hn3dj233z2nm3vqgcr0000gn/T/LIVE-1527362219/v1.Secret.default.platform-secrets /var/folders/zt/63lhr8hn3dj233z2nm3vqgcr0000gn/T/MERGED-3804207099/v1.Secret.default.platform-secrets
    [31m--- /var/folders/zt/63lhr8hn3dj233z2nm3vqgcr0000gn/T/LIVE-1527362219/v1.Secret.default.platform-secrets	2026-05-18 17:33:43[0m
    [32m+++ /var/folders/zt/63lhr8hn3dj233z2nm3vqgcr0000gn/T/MERGED-3804207099/v1.Secret.default.platform-secrets	2026-05-18 17:33:43[0m
    @@ -1,6 +1,6 @@
     apiVersion: v1
     data:
    [31m-  JWT_SECRET: '*** (before)'[0m
    [32m+  JWT_SECRET: '*** (after)'[0m
     kind: Secret
     metadata:
       creationTimestamp: "2026-04-20T07:51:04Z"
    diff -u -N /var/folders/zt/63lhr8hn3dj233z2nm3vqgcr0000gn/T/LIVE-1527362219/v1.Secret.default.ses-credentials /var/folders/zt/63lhr8hn3dj233z2nm3vqgcr0000gn/T/MERGED-3804207099/v1.Secret.default.ses-credentials
    [31m--- /var/folders/zt/63lhr8hn3dj233z2nm3vqgcr0000gn/T/LIVE-1527362219/v1.Secret.default.ses-credentials	2026-05-18 17:33:43[0m
    [32m+++ /var/folders/zt/63lhr8hn3dj233z2nm3vqgcr0000gn/T/MERGED-3804207099/v1.Secret.default.ses-credentials	2026-05-18 17:33:43[0m
    @@ -1,7 +1,7 @@
     apiVersion: v1
     data:
    [31m-  AWS_ACCESS_KEY_ID: '*** (before)'[0m
    [31m-  AWS_SECRET_ACCESS_KEY: '*** (before)'[0m
    [32m+  AWS_ACCESS_KEY_ID: '*** (after)'[0m
    [32m+  AWS_SECRET_ACCESS_KEY: '*** (after)'[0m
     kind: Secret
     metadata:
       annotations:

  ~ tekton-proxy.yml — changes:
    diff -u -N /var/folders/zt/63lhr8hn3dj233z2nm3vqgcr0000gn/T/LIVE-1803876946/apps.v1.Deployment.default.tekton-dashboard-auth-proxy /var/folders/zt/63lhr8hn3dj233z2nm3vqgcr0000gn/T/MERGED-1773917376/apps.v1.Deployment.default.tekton-dashboard-auth-proxy
    [31m--- /var/folders/zt/63lhr8hn3dj233z2nm3vqgcr0000gn/T/LIVE-1803876946/apps.v1.Deployment.default.tekton-dashboard-auth-proxy	2026-05-18 17:33:43[0m
    [32m+++ /var/folders/zt/63lhr8hn3dj233z2nm3vqgcr0000gn/T/MERGED-1773917376/apps.v1.Deployment.default.tekton-dashboard-auth-proxy	2026-05-18 17:33:43[0m
    @@ -0,0 +1,59 @@
    [32m+apiVersion: apps/v1[0m
    [32m+kind: Deployment[0m
    [32m+metadata:[0m
    [32m+  creationTimestamp: "2026-05-18T12:03:44Z"[0m
    [32m+  generation: 1[0m
    [32m+  name: tekton-dashboard-auth-proxy[0m
    [32m+  namespace: default[0m
    [32m+  uid: 29873230-c72a-4e3a-9822-144092a94673[0m
    [32m+spec:[0m
    [32m+  progressDeadlineSeconds: 600[0m
    [32m+  replicas: 1[0m
    [32m+  revisionHistoryLimit: 10[0m
    [32m+  selector:[0m
    [32m+    matchLabels:[0m
    [32m+      app: tekton-dashboard-auth-proxy[0m
    [32m+  strategy:[0m
    [32m+    rollingUpdate:[0m
    [32m+      maxSurge: 25%[0m
    [32m+      maxUnavailable: 25%[0m
    [32m+    type: RollingUpdate[0m
    [32m+  template:[0m
    [32m+    metadata:[0m
    [32m+      labels:[0m
    [32m+        app: tekton-dashboard-auth-proxy[0m
    [32m+    spec:[0m
    [32m+      containers:[0m
    [32m+      - env:[0m
    [32m+        - name: JWT_SECRET_KEY[0m
    [32m+          valueFrom:[0m
    [32m+            secretKeyRef:[0m
    [32m+              key: JWT_SECRET[0m
    [32m+              name: platform-secrets[0m
    [32m+        - name: UPSTREAM_URL[0m
    [32m+          value: http://tekton-dashboard.tekton-pipelines.svc.cluster.local:9097[0m
    [32m+        - name: IAM_LOGIN_URL[0m
    [32m+          value: https://iam.gingersociety.org/#tekton-dashboard/login[0m
    [32m+        - name: PORT[0m
    [32m+          value: "3000"[0m
    [32m+        - name: UPSTREAM_TLS_SKIP_VERIFY[0m
    [32m+          value: "false"[0m
    [32m+        image: gingersociety/ginger-auth-proxy:latest[0m
    [32m+        imagePullPolicy: Always[0m
    [32m+        name: ginger-auth-proxy[0m
    [32m+        ports:[0m
    [32m+        - containerPort: 3000[0m
    [32m+          protocol: TCP[0m
    [32m+        resources: {}[0m
    [32m+        terminationMessagePath: /dev/termination-log[0m
    [32m+        terminationMessagePolicy: File[0m
    [32m+      dnsPolicy: ClusterFirst[0m
    [32m+      restartPolicy: Always[0m
    [32m+      schedulerName: default-scheduler[0m
    [32m+      securityContext: {}[0m
    [32m+      terminationGracePeriodSeconds: 30[0m
    [32m+      tolerations:[0m
    [32m+      - effect: NoSchedule[0m
    [32m+        key: node-role.kubernetes.io/control-plane[0m
    [32m+        operator: Exists[0m
    [32m+status: {}[0m
    diff -u -N /var/folders/zt/63lhr8hn3dj233z2nm3vqgcr0000gn/T/LIVE-1803876946/v1.Service.default.tekton-dashboard-auth-proxy /var/folders/zt/63lhr8hn3dj233z2nm3vqgcr0000gn/T/MERGED-1773917376/v1.Service.default.tekton-dashboard-auth-proxy
    [31m--- /var/folders/zt/63lhr8hn3dj233z2nm3vqgcr0000gn/T/LIVE-1803876946/v1.Service.default.tekton-dashboard-auth-proxy	2026-05-18 17:33:43[0m
    [32m+++ /var/folders/zt/63lhr8hn3dj233z2nm3vqgcr0000gn/T/MERGED-1773917376/v1.Service.default.tekton-dashboard-auth-proxy	2026-05-18 17:33:43[0m
    @@ -0,0 +1,26 @@
    [32m+apiVersion: v1[0m
    [32m+kind: Service[0m
    [32m+metadata:[0m
    [32m+  creationTimestamp: "2026-05-18T12:03:44Z"[0m
    [32m+  name: tekton-dashboard-auth-proxy[0m
    [32m+  namespace: default[0m
    [32m+  uid: a64d0438-5df9-4311-b6b1-1d1d2c6edad8[0m
    [32m+spec:[0m
    [32m+  clusterIP: 10.96.0.0[0m
    [32m+  clusterIPs:[0m
    [32m+  - 10.96.0.0[0m
    [32m+  internalTrafficPolicy: Cluster[0m
    [32m+  ipFamilies:[0m
    [32m+  - IPv4[0m
    [32m+  ipFamilyPolicy: SingleStack[0m
    [32m+  ports:[0m
    [32m+  - name: proxy[0m
    [32m+    port: 80[0m
    [32m+    protocol: TCP[0m
    [32m+    targetPort: 3000[0m
    [32m+  selector:[0m
    [32m+    app: tekton-dashboard-auth-proxy[0m
    [32m+  sessionAffinity: None[0m
    [32m+  type: ClusterIP[0m
    [32m+status:[0m
    [32m+  loadBalancer: {}[0m

  ~ verdaccio/secrets.yaml — changes:
    diff -u -N /var/folders/zt/63lhr8hn3dj233z2nm3vqgcr0000gn/T/LIVE-4271947700/v1.Secret.default.verdaccio-secrets /var/folders/zt/63lhr8hn3dj233z2nm3vqgcr0000gn/T/MERGED-2262094342/v1.Secret.default.verdaccio-secrets
    [31m--- /var/folders/zt/63lhr8hn3dj233z2nm3vqgcr0000gn/T/LIVE-4271947700/v1.Secret.default.verdaccio-secrets	2026-05-18 17:33:44[0m
    [32m+++ /var/folders/zt/63lhr8hn3dj233z2nm3vqgcr0000gn/T/MERGED-2262094342/v1.Secret.default.verdaccio-secrets	2026-05-18 17:33:44[0m
    @@ -1 +1,10 @@
    [31m-null[0m
    [32m+apiVersion: v1[0m
    [32m+data:[0m
    [32m+  JWT_SECRET_KEY: '***'[0m
    [32m+kind: Secret[0m
    [32m+metadata:[0m
    [32m+  creationTimestamp: "2026-05-18T12:03:44Z"[0m
    [32m+  name: verdaccio-secrets[0m
    [32m+  namespace: default[0m
    [32m+  uid: 91b781d5-8c5c-4b8a-b5b3-967cdb32ecb5[0m
    [32m+type: Opaque[0m

  ~ verdaccio/verdaccio.yml — changes:
    diff -u -N /var/folders/zt/63lhr8hn3dj233z2nm3vqgcr0000gn/T/LIVE-1374618379/apps.v1.Deployment.default.verdaccio /var/folders/zt/63lhr8hn3dj233z2nm3vqgcr0000gn/T/MERGED-702853594/apps.v1.Deployment.default.verdaccio
    [31m--- /var/folders/zt/63lhr8hn3dj233z2nm3vqgcr0000gn/T/LIVE-1374618379/apps.v1.Deployment.default.verdaccio	2026-05-18 17:33:44[0m
    [32m+++ /var/folders/zt/63lhr8hn3dj233z2nm3vqgcr0000gn/T/MERGED-702853594/apps.v1.Deployment.default.verdaccio	2026-05-18 17:33:44[0m
    @@ -0,0 +1,63 @@
    [32m+apiVersion: apps/v1[0m
    [32m+kind: Deployment[0m
    [32m+metadata:[0m
    [32m+  creationTimestamp: "2026-05-18T12:03:44Z"[0m
    [32m+  generation: 1[0m
    [32m+  name: verdaccio[0m
    [32m+  namespace: default[0m
    [32m+  uid: 8365d736-fccb-46e1-92c4-3dc030dd7d8b[0m
    [32m+spec:[0m
    [32m+  progressDeadlineSeconds: 600[0m
    [32m+  replicas: 1[0m
    [32m+  revisionHistoryLimit: 10[0m
    [32m+  selector:[0m
    [32m+    matchLabels:[0m
    [32m+      app: verdaccio[0m
    [32m+  strategy:[0m
    [32m+    rollingUpdate:[0m
    [32m+      maxSurge: 25%[0m
    [32m+      maxUnavailable: 25%[0m
    [32m+    type: RollingUpdate[0m
    [32m+  template:[0m
    [32m+    metadata:[0m
    [32m+      labels:[0m
    [32m+        app: verdaccio[0m
    [32m+    spec:[0m
    [32m+      containers:[0m
    [32m+      - env:[0m
    [32m+        - name: VERDACCIO_PUBLIC_URL[0m
    [32m+          value: https://npm.gingersociety.org[0m
    [32m+        - name: JWT_SECRET_KEY[0m
    [32m+          valueFrom:[0m
    [32m+            secretKeyRef:[0m
    [32m+              key: JWT_SECRET_KEY[0m
    [32m+              name: verdaccio-secrets[0m
    [32m+        image: gingersociety/artifactory-npm:latest[0m
    [32m+        imagePullPolicy: Always[0m
    [32m+        name: verdaccio[0m
    [32m+        ports:[0m
    [32m+        - containerPort: 4873[0m
    [32m+          protocol: TCP[0m
    [32m+        resources: {}[0m
    [32m+        terminationMessagePath: /dev/termination-log[0m
    [32m+        terminationMessagePolicy: File[0m
    [32m+        volumeMounts:[0m
    [32m+        - mountPath: /verdaccio/storage[0m
    [32m+          name: storage[0m
    [32m+        - mountPath: /verdaccio/conf/config.yaml[0m
    [32m+          name: config[0m
    [32m+          subPath: config.yaml[0m
    [32m+      dnsPolicy: ClusterFirst[0m
    [32m+      restartPolicy: Always[0m
    [32m+      schedulerName: default-scheduler[0m
    [32m+      securityContext: {}[0m
    [32m+      terminationGracePeriodSeconds: 30[0m
    [32m+      volumes:[0m
    [32m+      - name: storage[0m
    [32m+        persistentVolumeClaim:[0m
    [32m+          claimName: verdaccio-pvc[0m
    [32m+      - configMap:[0m
    [32m+          defaultMode: 420[0m
    [32m+          name: verdaccio-config[0m
    [32m+        name: config[0m
    [32m+status: {}[0m
    diff -u -N /var/folders/zt/63lhr8hn3dj233z2nm3vqgcr0000gn/T/LIVE-1374618379/v1.ConfigMap.default.verdaccio-config /var/folders/zt/63lhr8hn3dj233z2nm3vqgcr0000gn/T/MERGED-702853594/v1.ConfigMap.default.verdaccio-config
    [31m--- /var/folders/zt/63lhr8hn3dj233z2nm3vqgcr0000gn/T/LIVE-1374618379/v1.ConfigMap.default.verdaccio-config	2026-05-18 17:33:44[0m
    [32m+++ /var/folders/zt/63lhr8hn3dj233z2nm3vqgcr0000gn/T/MERGED-702853594/v1.ConfigMap.default.verdaccio-config	2026-05-18 17:33:44[0m
    @@ -0,0 +1,16 @@
    [32m+apiVersion: v1[0m
    [32m+data:[0m
    [32m+  config.yaml: "storage: /verdaccio/storage\nweb:\n  title: \"GingerSociety Artifactory\"\n[0m
    [32m+    \ favicon: https://www.gingersociety.org/ginger_icon.ico\nauth:\n  htpasswd:\n[0m
    [32m+    \   file: /verdaccio/storage/htpasswd\nuplinks:\n  npmjs:\n    url: https://registry.npmjs.org/\npackages:\n[0m
    [32m+    \ '@gingersociety/*':         \n    access: $all\n    publish: $all\n\n  '@*/*':\n[0m
    [32m+    \   access: $authenticated\n    publish: $authenticated\n    proxy: npmjs\n  '**':\n[0m
    [32m+    \   access: $authenticated\n    publish: $authenticated\n    proxy: npmjs\nserver:\n[0m
    [32m+    \ trustProxy: \"10.0.0.0/8\"\nexperiments:\n  trust_proxy: true      \nlog:\n[0m
    [32m+    \ type: stdout\n  format: pretty\n  level: http\n"[0m
    [32m+kind: ConfigMap[0m
    [32m+metadata:[0m
    [32m+  creationTimestamp: "2026-05-18T12:03:44Z"[0m
    [32m+  name: verdaccio-config[0m
    [32m+  namespace: default[0m
    [32m+  uid: 34ee37a7-1a0e-434b-bb42-f9d70e7dc678[0m
    diff -u -N /var/folders/zt/63lhr8hn3dj233z2nm3vqgcr0000gn/T/LIVE-1374618379/v1.PersistentVolumeClaim.default.verdaccio-pvc /var/folders/zt/63lhr8hn3dj233z2nm3vqgcr0000gn/T/MERGED-702853594/v1.PersistentVolumeClaim.default.verdaccio-pvc
    [31m--- /var/folders/zt/63lhr8hn3dj233z2nm3vqgcr0000gn/T/LIVE-1374618379/v1.PersistentVolumeClaim.default.verdaccio-pvc	2026-05-18 17:33:44[0m
    [32m+++ /var/folders/zt/63lhr8hn3dj233z2nm3vqgcr0000gn/T/MERGED-702853594/v1.PersistentVolumeClaim.default.verdaccio-pvc	2026-05-18 17:33:44[0m
    @@ -0,0 +1,19 @@
    [32m+apiVersion: v1[0m
    [32m+kind: PersistentVolumeClaim[0m
    [32m+metadata:[0m
    [32m+  creationTimestamp: "2026-05-18T12:03:44Z"[0m
    [32m+  finalizers:[0m
    [32m+  - kubernetes.io/pvc-protection[0m
    [32m+  name: verdaccio-pvc[0m
    [32m+  namespace: default[0m
    [32m+  uid: ae6f9e3b-e1cb-46f2-8c2b-d28898687336[0m
    [32m+spec:[0m
    [32m+  accessModes:[0m
    [32m+  - ReadWriteOnce[0m
    [32m+  resources:[0m
    [32m+    requests:[0m
    [32m+      storage: 30Gi[0m
    [32m+  storageClassName: standard[0m
    [32m+  volumeMode: Filesystem[0m
    [32m+status:[0m
    [32m+  phase: Pending[0m
    diff -u -N /var/folders/zt/63lhr8hn3dj233z2nm3vqgcr0000gn/T/LIVE-1374618379/v1.Service.default.verdaccio-service /var/folders/zt/63lhr8hn3dj233z2nm3vqgcr0000gn/T/MERGED-702853594/v1.Service.default.verdaccio-service
    [31m--- /var/folders/zt/63lhr8hn3dj233z2nm3vqgcr0000gn/T/LIVE-1374618379/v1.Service.default.verdaccio-service	2026-05-18 17:33:44[0m
    [32m+++ /var/folders/zt/63lhr8hn3dj233z2nm3vqgcr0000gn/T/MERGED-702853594/v1.Service.default.verdaccio-service	2026-05-18 17:33:44[0m
    @@ -0,0 +1,25 @@
    [32m+apiVersion: v1[0m
    [32m+kind: Service[0m
    [32m+metadata:[0m
    [32m+  creationTimestamp: "2026-05-18T12:03:44Z"[0m
    [32m+  name: verdaccio-service[0m
    [32m+  namespace: default[0m
    [32m+  uid: 5ca78cf9-1838-4dbb-81f2-6f25166dc80d[0m
    [32m+spec:[0m
    [32m+  clusterIP: 10.96.0.0[0m
    [32m+  clusterIPs:[0m
    [32m+  - 10.96.0.0[0m
    [32m+  internalTrafficPolicy: Cluster[0m
    [32m+  ipFamilies:[0m
    [32m+  - IPv4[0m
    [32m+  ipFamilyPolicy: SingleStack[0m
    [32m+  ports:[0m
    [32m+  - port: 80[0m
    [32m+    protocol: TCP[0m
    [32m+    targetPort: 4873[0m
    [32m+  selector:[0m
    [32m+    app: verdaccio[0m
    [32m+  sessionAffinity: None[0m
    [32m+  type: ClusterIP[0m
    [32m+status:[0m
    [32m+  loadBalancer: {}[0m

── Summary ──────────────────────────────────────────
  ~ Changed (23):
      dev-portal-frontend/deployment.yml
      docker-registry/registry-ui.yml
      docker-registry/registry.yml
      docker-registry/secrets.yaml
      example-app/deployment.yml
      example-app/service.yml
      ginger-kube/secrets.yaml
      gitter/configmaps.yaml
      gitter/deployment.yaml
      gitter/secrets.yaml
      gitter/service.yaml
      gitter/volume.yml
      iam-admin-backend/secrets.yaml
      iam-backend/secrets.yaml
      ingress-artifactory.yaml
      ingress-infra.yml
      metadata-service/secrets.yaml
      notification-service/deployment.yml
      pypi/pypi.yaml
      shared/secrets.yaml
      tekton-proxy.yml
      verdaccio/secrets.yaml
      verdaccio/verdaccio.yml

Run `ginger-infra deploy` to apply these changes.
